<?xml version="1.0" encoding="UTF-8"?>
<!-- Generated by org.testng.reporters.JUnitReportReporter -->
<testsuite hostname="LAPTOP-LTJ0E81S" failures="0" tests="3" name="com.sgtesting.tests.Users" time="0.003" errors="0" timestamp="2023-04-07T07:59:24 IST" skipped="0">
  <testcase classname="com.sgtesting.tests.Users" name="method2" time="0.000"/>
  <system-out/>
  <testcase classname="com.sgtesting.tests.Users" name="method3" time="0.000"/>
  <system-out/>
  <testcase classname="com.sgtesting.tests.Users" name="method1" time="0.003"/>
  <system-out/>
</testsuite> <!-- com.sgtesting.tests.Users -->
